================================================================================
  TAP EPIGENETIC FLOP & PRECURSER STEROID BIFURCATION SIMULATION
================================================================================

  [EPIGENETIC FLOP SIMULATION RUNTIME]
    Day 05 (Chronic Stress       ) | Preg: 1.147 | C-Yield: 1.147 | V-Yield: 0.000 | T-Sens: 1.047 | Action: 0.007
    Day 10 (Chronic Stress       ) | Preg: 1.147 | C-Yield: 1.147 | V-Yield: 0.000 | T-Sens: 1.097 | Action: 0.007
    Day 15 (Reset & Deprivation  ) | Preg: 1.198 | C-Yield: 0.000 | V-Yield: 1.198 | T-Sens: 1.140 | Action: 0.001
    Day 20 (Reset & Deprivation  ) | Preg: 1.198 | C-Yield: 0.000 | V-Yield: 1.198 | T-Sens: 1.185 | Action: 0.001
    Day 25 (Tensegrity Remodeling) | Preg: 1.198 | C-Yield: 0.000 | V-Yield: 1.198 | T-Sens: 1.231 | Action: 0.003
    Day 30 (Tensegrity Remodeling) | Preg: 1.198 | C-Yield: 0.000 | V-Yield: 1.198 | T-Sens: 1.279 | Action: 0.003

  [EXPORT] Epigenetic simulation results saved -> /data/data/com.termux/files/home/TAP_model/src/../assets/tap_epigenetic_flop_results.json
================================================================================
================================================================================
  TAP MODEL — 5-HT2A BOUNDARY & AYAHUASCA TOLERANCE SIMULATION
  φ-cascade time-constants: φ⁻⁶ (PK), φ⁻⁸ (receptor), φ⁻¹⁰ (setpoint), φ⁻¹³ (recovery)
================================================================================

  [CEREMONIAL SCHEDULE] 21 days, 2 doses/week, 6 total doses
    Final sensitivity:       1.132
    Final setpoint:          1.102
    Cumulative openness:     0.09

  [VALIDATION AGAINST PUBLISHED DATA]

    riba_2001_tolerance:
      predicted_peak_open_per_dose: [0.0548, 0.0453, 0.0386, 0.0336]
      predicted_ratio_4th_to_1st: 0.6123
      observed_ratio_4th_to_1st: 0.6
      error_pct: 2.05

    callaway_1994_recovery:
      predicted_response_recovery_day: 2
      predicted_setpoint_recovery_day: 13
      observed_recovery_day: 14.0
      response_recovery_error_pct: 85.71
      setpoint_recovery_error_pct: 7.14
      method: test-dose response: day at which peak_open returns to 95% of fresh-sim peak
      ref_peak: 0.0548
      tap_interpretation: Response recovery is dominated by acute+chronic (φ⁻⁸); the slow setpoint (φ⁻¹⁰) is the long-tail channel. The 14d observation may reflect the convolution of both.

    dmt_plasma_t_half:
      predicted_hr: 0.25
      observed_hr: 0.25
      error_pct: 0.0

  [EXPORT] -> /data/data/com.termux/files/home/TAP_model/src/../assets/tap_5ht2a_ayahuasca_results.json
================================================================================
================================================================================
  TAP MODEL — CHROMATIN STATE & 3D GENOME TOPOLOGY SIMULATION
  φ⁻¹⁰ = 0.00813 /hr (chromatin remodeling rate)
  TAD size: 13 beads (Fibonacci)
  Genome: 233 beads, ~46 Mb
================================================================================

  [VALIDATION]

    baseline_openness:
      predicted_mean: 0.25221249109696475
      expected_mean: 0.25
      error_pct: 0.88

    stress_response:
      FOS_openness_after_24h_stress: 0.6976
      expected: 0.85
      note: FOS is an immediate-early gene; should rise rapidly then partially close. At 24h the IEG window has passed, so we expect partial decline.

    recovery_timescale:
      predicted_recovery_day: >60
      tap_expected_recovery_day: ≈15 (φ⁻¹⁰ timescale of decay)
      method: days for mean absolute distance from rest targets to drop below 5% of pre-recovery distance
      initial_distance: 0.0204

  [CHRONIC STRESS PROTOCOL] 10 days stress, 20 days recovery
    Mean openness at end: 0.2511
    Openness at day 1 (max stress): 0.2604
    Openness at day 10 (end stress): 0.2541
    Openness at day 30 (recovery): 0.2511

  [EXPORT] -> /data/data/com.termux/files/home/TAP_model/src/../assets/tap_chromatin_state_results.json
================================================================================
================================================================================
  TAP COUPLED AYAHUASCA SIMULATOR — 5-HT2A + Chromatin pipeline
  φ-cascade: φ⁻⁴ (signaling) → φ⁻⁸ (receptor) → φ⁻¹⁰ (chromatin) → φ⁻¹³ (cosmic)
================================================================================

  [VALIDATION]

    riba_2001_tolerance_coupled:
      predicted_peak_open_per_dose: [0.0548, 0.0453, 0.0386, 0.0336]
      predicted_ratio_4th_to_1st: 0.6131
      observed_ratio_4th_to_1st: 0.6
      error_pct: 2.19

    chronic_ceremonial_84d:
      duration_days: 84
      doses_per_week: 2
      total_doses: 24
      initial_chromatin_mean: 0.2494
      final_chromatin_mean: 0.2628
      chromatin_shift: 0.0133
      final_setpoint: 1.0971
      final_FOS_openness: 0.8479
      final_HSP70_openness: 0.8911
      tap_prediction: Chromatin mean should rise above 0.25 baseline; FOS/HSP70 should show sustained openness above their resting baselines (0.10/0.20).

    single_dose_recovery_30d:
      peak_setpoint: 1.1
      peak_day: 0.01
      setpoint_recovery_day: 14.65
      tap_expected_setpoint_recovery_day: ≈15 days (φ⁻¹⁰ timescale)

  [CHRONIC CEREMONIAL 84 days, 2 doses/wk]
    Total doses: 24
    Final 5-HT2A setpoint: 1.0971
    Final chromatin mean openness: 0.2628
    Final FOS openness: 0.8479
    Final HSP70 openness: 0.8911

  [EXPORT] -> /data/data/com.termux/files/home/TAP_model/src/../assets/tap_coupled_ayahuasca_results.json
================================================================================

================================================================================
  TAP AUTHOR LENS — Jeremy Narby
================================================================================
  Primary claim: Ayahuasca's DMT enables direct molecular dialogue with DNA. Cross-cultural serpent+DNA symbolism is ...

  Verdict summary:
    TAP-AUGMENTED: 3
    TAP-LEGAL: 3
    TAP-ILLEGAL: 2

  Output: /data/data/com.termux/files/home/TAP_model/src/../assets/tap_author_lens_narby_audit.md
  Output: /data/data/com.termux/files/home/TAP_model/src/../assets/tap_author_lens_narby_audit.json


================================================================================
  TAP AUTHOR LENS — Rupert Sheldrake
================================================================================
  Primary claim: Morphic resonance: self-organizing wholes are influenced by similar past wholes via non-local fields...

  Verdict summary:
    TAP-AUGMENTED: 4
    TAP-LEGAL: 2
    TAP-SILENT: 1

  Output: /data/data/com.termux/files/home/TAP_model/src/../assets/tap_author_lens_sheldrake_audit.md
  Output: /data/data/com.termux/files/home/TAP_model/src/../assets/tap_author_lens_sheldrake_audit.json


================================================================================
  TAP AUTHOR LENS — Terence McKenna
================================================================================
  Primary claim: Psilocybin mushrooms and other psychedelics are the 'strophoid' that triggered human language evolut...

  Verdict summary:
    TAP-AUGMENTED: 7
    TAP-ILLEGAL: 1
    TAP-LEGAL: 1

  Output: /data/data/com.termux/files/home/TAP_model/src/../assets/tap_author_lens_mcKenna_audit.md
  Output: /data/data/com.termux/files/home/TAP_model/src/../assets/tap_author_lens_mcKenna_audit.json


================================================================================
  TAP AUTHOR LENS — Alfred Russel Wallace
================================================================================
  Primary claim: Natural selection alone is insufficient; there is a 'continuous overarching intelligence' directing ...

  Verdict summary:
    TAP-AUGMENTED: 7
    TAP-LEGAL: 1

  Output: /data/data/com.termux/files/home/TAP_model/src/../assets/tap_author_lens_wallace_audit.md
  Output: /data/data/com.termux/files/home/TAP_model/src/../assets/tap_author_lens_wallace_audit.json


================================================================================
  TAP AUTHOR LENS — Jeremy Narby
================================================================================
  Primary claim: Ayahuasca's DMT enables direct molecular dialogue with DNA. Cross-cultural serpent+DNA symbolism is ...

  Verdict summary:
    TAP-AUGMENTED: 3
    TAP-LEGAL: 3
    TAP-ILLEGAL: 2

  Output: /data/data/com.termux/files/home/TAP_model/src/../assets/tap_author_lens_narby_audit.md
  Output: /data/data/com.termux/files/home/TAP_model/src/../assets/tap_author_lens_narby_audit.json

================================================================================
  TAP AUTHOR LENS — Rupert Sheldrake
================================================================================
  Primary claim: Morphic resonance: self-organizing wholes are influenced by similar past wholes via non-local fields...

  Verdict summary:
    TAP-AUGMENTED: 4
    TAP-LEGAL: 2
    TAP-SILENT: 1

  Output: /data/data/com.termux/files/home/TAP_model/src/../assets/tap_author_lens_sheldrake_audit.md
  Output: /data/data/com.termux/files/home/TAP_model/src/../assets/tap_author_lens_sheldrake_audit.json

================================================================================
  TAP AUTHOR LENS — Terence McKenna
================================================================================
  Primary claim: Psilocybin mushrooms and other psychedelics are the 'strophoid' that triggered human language evolut...

  Verdict summary:
    TAP-AUGMENTED: 7
    TAP-ILLEGAL: 1
    TAP-LEGAL: 1

  Output: /data/data/com.termux/files/home/TAP_model/src/../assets/tap_author_lens_mcKenna_audit.md
  Output: /data/data/com.termux/files/home/TAP_model/src/../assets/tap_author_lens_mcKenna_audit.json

================================================================================
  TAP AUTHOR LENS — Alfred Russel Wallace
================================================================================
  Primary claim: Natural selection alone is insufficient; there is a 'continuous overarching intelligence' directing ...

  Verdict summary:
    TAP-AUGMENTED: 7
    TAP-LEGAL: 1

  Output: /data/data/com.termux/files/home/TAP_model/src/../assets/tap_author_lens_wallace_audit.md
  Output: /data/data/com.termux/files/home/TAP_model/src/../assets/tap_author_lens_wallace_audit.json
================================================================================
  TAP REAL-DATA VALIDATOR
  Coupled sim predictions vs. published ayahuasca biomarkers
================================================================================

  [RUNNING COUPLED SIM]
    Chronic ceremonial: 24 doses over 84 days
    Final setpoint: 1.0971
    Final chromatin mean: 0.2628

  [COMPARING TO PUBLISHED BIOMARKERS]
    Total: 8, MATCH: 6, MISMATCH: 0, NOT MODELED: 2
    Match rate on modelable biomarkers: 6/6 = 100.0%
    ✓ BDNF (serum)                   observed=up                        sim=+0.2970  → MATCH
    ✓ Cortisol (saliva/serum)        observed=blunted diurnal variation sim=+0.2110  → MATCH (inverted feedback)
    — C-reactive protein (CRP, plasma) observed=down                      sim=n/a      → NOT MODELED (locus not in current chromatin sim)
    ✓ IL-6 (plasma)                  observed=down                      sim=+0.4300  → MATCH (inverted feedback)
    ✓ 5-HT2A receptor density (platelet) observed=down (acute) / recovered (chronic abstinence) sim=-0.1544  → MATCH
    — T-cell CD4/CD8 ratio (peripheral) observed=preserved (no shift)      sim=n/a      → NOT MODELED (locus not in current chromatin sim)
    ✓ BDNF methylation (PBMC DNA)    observed=down (hypomethylation)    sim=+0.2970  → MATCH
    ✓ Telomere length (leukocyte)    observed=preserved or longer       sim=-0.0212  → MATCH (preserved)

  [EXPORT] -> /data/data/com.termux/files/home/TAP_model/src/../assets/tap_real_data_validation.md
  [EXPORT] -> /data/data/com.termux/files/home/TAP_model/src/../assets/tap_real_data_validation.json
================================================================================
